c:\users\xiongcc\documents\visual studio 2013\projects\mfctracktools\mfctracktools\debug\mfctracktools.pch
c:\users\xiongcc\documents\visual studio 2013\projects\mfctracktools\mfctracktools\debug\vc120.pdb
c:\users\xiongcc\documents\visual studio 2013\projects\mfctracktools\mfctracktools\debug\vc120.idb
c:\users\xiongcc\documents\visual studio 2013\projects\mfctracktools\mfctracktools\debug\stdafx.obj
c:\users\xiongcc\documents\visual studio 2013\projects\mfctracktools\mfctracktools\debug\cvvimage.obj
c:\users\xiongcc\documents\visual studio 2013\projects\mfctracktools\mfctracktools\debug\mfctracktools.obj
c:\users\xiongcc\documents\visual studio 2013\projects\mfctracktools\mfctracktools\debug\mfctracktoolsdlg.obj
c:\users\xiongcc\documents\visual studio 2013\projects\mfctracktools\debug\mfctracktools.ilk
c:\users\xiongcc\documents\visual studio 2013\projects\mfctracktools\debug\mfctracktools.exe
c:\users\xiongcc\documents\visual studio 2013\projects\mfctracktools\debug\mfctracktools.pdb
c:\users\xiongcc\documents\visual studio 2013\projects\mfctracktools\mfctracktools\debug\mfctracktools.res
c:\users\xiongcc\documents\visual studio 2013\projects\mfctracktools\mfctracktools\debug\mfctracktools.tlog\cl.write.1.tlog.uptodatecheck.tmp
c:\users\xiongcc\documents\visual studio 2013\projects\mfctracktools\mfctracktools\debug\mfctracktools.tlog\cl.command.1.tlog
c:\users\xiongcc\documents\visual studio 2013\projects\mfctracktools\mfctracktools\debug\mfctracktools.tlog\cl.read.1.tlog
c:\users\xiongcc\documents\visual studio 2013\projects\mfctracktools\mfctracktools\debug\mfctracktools.tlog\cl.write.1.tlog
c:\users\xiongcc\documents\visual studio 2013\projects\mfctracktools\mfctracktools\debug\mfctracktools.tlog\link.command.1.tlog
c:\users\xiongcc\documents\visual studio 2013\projects\mfctracktools\mfctracktools\debug\mfctracktools.tlog\link.read.1.tlog
c:\users\xiongcc\documents\visual studio 2013\projects\mfctracktools\mfctracktools\debug\mfctracktools.tlog\link.write.1.tlog
c:\users\xiongcc\documents\visual studio 2013\projects\mfctracktools\mfctracktools\debug\mfctracktools.tlog\rc.command.1.tlog
c:\users\xiongcc\documents\visual studio 2013\projects\mfctracktools\mfctracktools\debug\mfctracktools.tlog\rc.read.1.tlog
c:\users\xiongcc\documents\visual studio 2013\projects\mfctracktools\mfctracktools\debug\mfctracktools.tlog\rc.write.1.tlog
