生成启动时间为 2015/11/9 10:58:01。
     1>项目“E:\visual studio 2013\TrackTools\MFCTrackTools\MFCTrackTools.vcxproj”在节点 2 上(Rebuild 个目标)。
     1>ClCompile:
         D:\Program Files (x86)\Microsoft Visual Studio 12.0\VC\bin\CL.exe /c /ZI /nologo /W3 /WX- /sdl /Od /Oy- /D WIN32 /D _WINDOWS /D _DEBUG /D _UNICODE /D UNICODE /D _AFXDLL /Gm /EHsc /RTC1 /MDd /GS /fp:precise /Zc:wchar_t /Zc:forScope /Yc"stdafx.h" /Fp"Debug\MFCTrackTools.pch" /Fo"Debug\\" /Fd"Debug\vc120.pdb" /Gd /TP /analyze- /errorReport:prompt stdafx.cpp
         stdafx.cpp
         D:\Program Files (x86)\Microsoft Visual Studio 12.0\VC\bin\CL.exe /c /ZI /nologo /W3 /WX- /sdl /Od /Oy- /D WIN32 /D _WINDOWS /D _DEBUG /D _UNICODE /D UNICODE /D _AFXDLL /Gm /EHsc /RTC1 /MDd /GS /fp:precise /Zc:wchar_t /Zc:forScope /Fo"Debug\\" /Fd"Debug\vc120.pdb" /Gd /TP /analyze- /errorReport:prompt communtication_client.cpp CvvImage.cpp decode.cpp MFCTrackTools.cpp MFCTrackToolsDlg.cpp share_socket.cpp share_stream.cpp
         share_stream.cpp
         share_socket.cpp
         MFCTrackToolsDlg.cpp
     1>e:\visual studio 2013\tracktools\mfctracktools\mfctracktoolsdlg.cpp(220): warning C4244: “参数”: 从“double”转换到“UINT”，可能丢失数据
         MFCTrackTools.cpp
         decode.cpp
         CvvImage.cpp
         communtication_client.cpp
         正在生成代码...
       ResourceCompile:
         C:\Program Files (x86)\Windows Kits\8.1\bin\x86\rc.exe /D _DEBUG /D _UNICODE /D UNICODE /D _AFXDLL /l"0x0804" /IDebug\ /nologo /fo"Debug\MFCTrackTools.res" MFCTrackTools.rc 
       Link:
         D:\Program Files (x86)\Microsoft Visual Studio 12.0\VC\bin\link.exe /ERRORREPORT:PROMPT /OUT:"..\bin\MFCTrackTools.exe" /INCREMENTAL /NOLOGO /LIBPATH:..\lib\ opencv_ml249d.lib opencv_calib3d249d.lib opencv_contrib249d.lib opencv_core249d.lib opencv_features2d249d.lib opencv_flann249d.lib opencv_gpu249d.lib opencv_highgui249d.lib opencv_imgproc249d.lib opencv_legacy249d.lib opencv_objdetect249d.lib opencv_ts249d.lib opencv_video249d.lib opencv_nonfree249d.lib opencv_ocl249d.lib opencv_photo249d.lib opencv_stitching249d.lib opencv_superres249d.lib opencv_videostab249d.lib pthreadVC2.lib pthreadVCE2.lib pthreadVSE2.lib avcodec.lib avdevice.lib avfilter.lib avformat.lib avutil.lib swresample.lib swscale.lib /MANIFEST /MANIFESTUAC:"level='asInvoker' uiAccess='false'" /manifest:embed /manifestinput:"D:\Program Files (x86)\Microsoft Visual Studio 12.0\VC\Include\Manifest\dpiaware.manifest" /DEBUG /PDB:"..\bin\MFCTrackTools.pdb" /SUBSYSTEM:WINDOWS /TLBID:1 /ENTRY:"wWinMainCRTStartup" /DYNAMICBASE /NXCOMPAT /IMPLIB:"..\bin\MFCTrackTools.lib" /MACHINE:X86 Debug\MFCTrackTools.res
         Debug\communtication_client.obj
         Debug\CvvImage.obj
         Debug\decode.obj
         Debug\MFCTrackTools.obj
         Debug\MFCTrackToolsDlg.obj
         Debug\share_socket.obj
         Debug\share_stream.obj
         Debug\stdafx.obj
     1>decode.obj : error LNK2001: 无法解析的外部符号 "class CListBox m_listErr" (?m_listErr@@3VCListBox@@A)
     1>..\bin\MFCTrackTools.exe : fatal error LNK1120: 1 个无法解析的外部命令
     1>已完成生成项目“E:\visual studio 2013\TrackTools\MFCTrackTools\MFCTrackTools.vcxproj”(Rebuild 个目标)的操作 - 失败。

生成失败。

已用时间 00:00:24.35
